<?xml version="1.0" encoding="UTF-8"?>
<robot generator="Robot 4.1.3 (Python 3.9.7 on win32)" generated="20220112 20:26:42.285" rpa="false" schemaversion="2">
<suite id="s1" name="TCase1" source="C:\Users\FALCON\PycharmProjects\robot1\TestCases\TCase1.robot">
<test id="s1-t1" name="LoginTest1">
<kw name="Open Browser" library="SeleniumLibrary">
<arg>${url}</arg>
<arg>${browser}</arg>
<doc>Opens a new browser instance to the optional ``url``.</doc>
<msg timestamp="20220112 20:26:42.850" level="INFO">Opening browser 'chrome' to base url 'https://petstore.octoperf.com/actions/Catalog.action'.</msg>
<status status="PASS" starttime="20220112 20:26:42.849" endtime="20220112 20:26:46.382"/>
</kw>
<kw name="loginToApplication">
<kw name="Click Link" library="SeleniumLibrary">
<arg>xpath://*[@id="MenuContent"]/a[2]</arg>
<doc>Clicks a link identified by ``locator``.</doc>
<msg timestamp="20220112 20:26:46.386" level="INFO">Clicking link 'xpath://*[@id="MenuContent"]/a[2]'.</msg>
<status status="PASS" starttime="20220112 20:26:46.385" endtime="20220112 20:26:46.853"/>
</kw>
<kw name="Input Text" library="SeleniumLibrary">
<arg>name:username</arg>
<arg>palgupta1229@gmail.com</arg>
<doc>Types the given ``text`` into the text field identified by ``locator``.</doc>
<msg timestamp="20220112 20:26:46.854" level="INFO">Typing text 'palgupta1229@gmail.com' into text field 'name:username'.</msg>
<status status="PASS" starttime="20220112 20:26:46.853" endtime="20220112 20:26:46.961"/>
</kw>
<kw name="Input Text" library="SeleniumLibrary">
<arg>name:password</arg>
<arg>Pallavi@123</arg>
<doc>Types the given ``text`` into the text field identified by ``locator``.</doc>
<msg timestamp="20220112 20:26:46.962" level="INFO">Typing text 'Pallavi@123' into text field 'name:password'.</msg>
<status status="PASS" starttime="20220112 20:26:46.962" endtime="20220112 20:26:47.050"/>
</kw>
<kw name="Click Element" library="SeleniumLibrary">
<arg>name:signon</arg>
<doc>Click the element identified by ``locator``.</doc>
<msg timestamp="20220112 20:26:47.050" level="INFO">Clicking element 'name:signon'.</msg>
<status status="PASS" starttime="20220112 20:26:47.050" endtime="20220112 20:26:47.499"/>
</kw>
<status status="PASS" starttime="20220112 20:26:46.384" endtime="20220112 20:26:47.500"/>
</kw>
<kw name="Close Browser" library="SeleniumLibrary">
<doc>Closes the current browser.</doc>
<status status="PASS" starttime="20220112 20:26:47.504" endtime="20220112 20:26:49.721"/>
</kw>
<status status="PASS" starttime="20220112 20:26:42.846" endtime="20220112 20:26:49.721"/>
</test>
<status status="PASS" starttime="20220112 20:26:42.288" endtime="20220112 20:26:49.727"/>
</suite>
<statistics>
<total>
<stat pass="1" fail="0" skip="0">All Tests</stat>
</total>
<tag>
</tag>
<suite>
<stat pass="1" fail="0" skip="0" id="s1" name="TCase1">TCase1</stat>
</suite>
</statistics>
<errors>
</errors>
</robot>
