<?xml version="1.0" encoding="UTF-8"?>
<robot generator="Robot 4.1.3 (Python 3.9.7 on win32)" generated="20220117 12:53:41.746" rpa="false" schemaversion="2">
<suite id="s1" name="TCase1" source="C:\Users\FALCON\PycharmProjects\robot1\TestCases\TCase1.robot">
<test id="s1-t1" name="LoginTest1">
<kw name="Open Browser" library="SeleniumLibrary">
<arg>${url}</arg>
<arg>${browser}</arg>
<doc>Opens a new browser instance to the optional ``url``.</doc>
<msg timestamp="20220117 12:53:42.169" level="INFO">Opening browser 'chrome' to base url 'https://petstore.octoperf.com/actions/Catalog.action'.</msg>
<status status="PASS" starttime="20220117 12:53:42.169" endtime="20220117 12:53:44.901"/>
</kw>
<kw name="loginToApplication">
<kw name="Click Link" library="SeleniumLibrary">
<arg>xpath://*[@id="MenuContent"]/a[2]</arg>
<doc>Clicks a link identified by ``locator``.</doc>
<msg timestamp="20220117 12:53:44.906" level="INFO">Clicking link 'xpath://*[@id="MenuContent"]/a[2]'.</msg>
<status status="PASS" starttime="20220117 12:53:44.905" endtime="20220117 12:53:45.374"/>
</kw>
<kw name="Input Text" library="SeleniumLibrary">
<arg>name:username</arg>
<arg>palgupta1229@gmail.com</arg>
<doc>Types the given ``text`` into the text field identified by ``locator``.</doc>
<msg timestamp="20220117 12:53:45.376" level="INFO">Typing text 'palgupta1229@gmail.com' into text field 'name:username'.</msg>
<status status="PASS" starttime="20220117 12:53:45.375" endtime="20220117 12:53:45.490"/>
</kw>
<kw name="Input Text" library="SeleniumLibrary">
<arg>name:password</arg>
<arg>Pallavi@123</arg>
<doc>Types the given ``text`` into the text field identified by ``locator``.</doc>
<msg timestamp="20220117 12:53:45.491" level="INFO">Typing text 'Pallavi@123' into text field 'name:password'.</msg>
<status status="PASS" starttime="20220117 12:53:45.490" endtime="20220117 12:53:45.582"/>
</kw>
<kw name="Click Element" library="SeleniumLibrary">
<arg>name:signon</arg>
<doc>Click the element identified by ``locator``.</doc>
<msg timestamp="20220117 12:53:45.583" level="INFO">Clicking element 'name:signon'.</msg>
<status status="PASS" starttime="20220117 12:53:45.582" endtime="20220117 12:53:46.058"/>
</kw>
<status status="PASS" starttime="20220117 12:53:44.903" endtime="20220117 12:53:46.059"/>
</kw>
<kw name="Close Browser" library="SeleniumLibrary">
<doc>Closes the current browser.</doc>
<status status="PASS" starttime="20220117 12:53:46.063" endtime="20220117 12:53:48.296"/>
</kw>
<status status="PASS" starttime="20220117 12:53:42.168" endtime="20220117 12:53:48.297"/>
</test>
<status status="PASS" starttime="20220117 12:53:41.748" endtime="20220117 12:53:48.300"/>
</suite>
<statistics>
<total>
<stat pass="1" fail="0" skip="0">All Tests</stat>
</total>
<tag>
</tag>
<suite>
<stat pass="1" fail="0" skip="0" id="s1" name="TCase1">TCase1</stat>
</suite>
</statistics>
<errors>
</errors>
</robot>
